<?xml version="1.0" encoding="UTF-8"?>
<testng-results skipped="0" failed="0" total="1" passed="1">
  <reporter-output>
  </reporter-output>
  <suite name="registrationWithGoogle" duration-ms="221846" started-at="2015-10-08T08:34:10Z" finished-at="2015-10-08T08:37:52Z">
    <groups>
    </groups>
    <test name="registrationWithGoogle" duration-ms="221846" started-at="2015-10-08T08:34:10Z" finished-at="2015-10-08T08:37:52Z">
      <class name="pdffillerTest.Chat">
        <test-method status="PASS" signature="setUpBrowser(java.lang.String)[pri:0, instance:pdffillerTest.Chat@3d8c7aca]" name="setUpBrowser" is-config="true" duration-ms="3337" started-at="2015-10-08T11:34:10Z" finished-at="2015-10-08T11:34:14Z">
          <params>
            <param index="0">
              <value>
                <![CDATA[CH]]>
              </value>
            </param>
          </params>
          <reporter-output>
          </reporter-output>
        </test-method> <!-- setUpBrowser -->
        <test-method status="PASS" signature="checkChat()[pri:0, instance:pdffillerTest.Chat@3d8c7aca]" name="checkChat" duration-ms="217837" started-at="2015-10-08T11:34:14Z" finished-at="2015-10-08T11:37:52Z">
          <reporter-output>
          </reporter-output>
        </test-method> <!-- checkChat -->
        <test-method status="PASS" signature="tearDown()[pri:0, instance:pdffillerTest.Chat@3d8c7aca]" name="tearDown" is-config="true" duration-ms="665" started-at="2015-10-08T11:37:52Z" finished-at="2015-10-08T11:37:52Z">
          <reporter-output>
          </reporter-output>
        </test-method> <!-- tearDown -->
      </class> <!-- pdffillerTest.Chat -->
    </test> <!-- registrationWithGoogle -->
  </suite> <!-- registrationWithGoogle -->
</testng-results>
